Server running at http://localhost:3000/
GET /
GET /style.css
GET /js/audio.js
GET /js/dialogue.js
GET /js/sprites.js
GET /js/combat.js
GET /js/scenes.js
GET /js/game.js
GET /favicon.ico
GET /
GET /style.css
GET /js/audio.js
GET /js/dialogue.js
GET /js/sprites.js
GET /js/combat.js
GET /js/scenes.js
GET /js/game.js
GET /
GET /style.css
GET /js/audio.js
GET /js/dialogue.js
GET /js/sprites.js
GET /js/combat.js
GET /js/scenes.js
GET /js/game.js
GET /
GET /style.css
GET /js/audio.js
GET /js/dialogue.js
GET /js/sprites.js
GET /js/combat.js
GET /js/scenes.js
GET /js/game.js
GET /
GET /style.css
GET /js/audio.js
GET /js/dialogue.js
GET /js/sprites.js
GET /js/combat.js
GET /js/scenes.js
GET /js/game.js
GET /
GET /style.css
GET /js/audio.js
GET /js/dialogue.js
GET /js/sprites.js
GET /js/combat.js
GET /js/scenes.js
GET /js/game.js
GET /favicon.ico
GET /
GET /style.css
GET /js/audio.js
GET /js/dialogue.js
GET /js/sprites.js
GET /js/combat.js
GET /js/scenes.js
GET /js/game.js
GET /
GET /style.css
GET /js/audio.js
GET /js/dialogue.js
GET /js/sprites.js
GET /js/combat.js
GET /js/scenes.js
GET /js/game.js
GET /favicon.ico
GET /
GET /style.css
GET /js/audio.js
GET /js/dialogue.js
GET /js/sprites.js
GET /js/combat.js
GET /js/scenes.js
GET /js/game.js
GET /assets/sprites/portraits/mragank_happy.svg
GET /favicon.ico
GET /
GET /style.css
GET /js/audio.js
GET /js/dialogue.js
GET /js/sprites.js
GET /js/combat.js
GET /js/scenes.js
GET /js/game.js
GET /assets/sprites/portraits/mragank_happy.svg
GET /favicon.ico
GET /
GET /style.css
GET /js/audio.js
GET /js/dialogue.js
GET /js/sprites.js
GET /js/combat.js
GET /js/scenes.js
GET /js/game.js
GET /assets/sprites/portraits/mragank_happy.svg
GET /favicon.ico
GET /assets/sprites/portraits/mragank_sad.svg
GET /
GET /style.css
GET /js/audio.js
GET /js/dialogue.js
GET /js/sprites.js
GET /js/combat.js
GET /js/scenes.js
GET /js/game.js
GET /
GET /style.css
GET /js/audio.js
GET /js/dialogue.js
GET /js/sprites.js
GET /js/combat.js
GET /js/scenes.js
GET /js/game.js
GET /
GET /style.css
GET /js/audio.js
GET /js/dialogue.js
GET /js/sprites.js
GET /js/combat.js
GET /js/scenes.js
GET /js/game.js
GET /favicon.ico
GET /
GET /style.css
GET /js/audio.js
GET /js/dialogue.js
GET /js/sprites.js
GET /js/combat.js
GET /js/scenes.js
GET /js/game.js
GET /favicon.ico
GET /
GET /style.css
GET /js/audio.js
GET /js/dialogue.js
GET /js/sprites.js
GET /js/combat.js
GET /js/scenes.js
GET /js/game.js
GET /favicon.ico
GET /favicon.ico
GET /
GET /style.css
GET /js/audio.js
GET /js/dialogue.js
GET /js/sprites.js
GET /js/combat.js
GET /js/scenes.js
GET /js/game.js
GET /favicon.ico
GET /
GET /style.css
GET /js/audio.js
GET /js/dialogue.js
GET /js/sprites.js
GET /js/combat.js
GET /js/scenes.js
GET /js/game.js
GET /favicon.ico
GET /favicon.ico
GET /
GET /style.css
GET /js/audio.js
GET /js/dialogue.js
GET /js/sprites.js
GET /js/combat.js
GET /js/scenes.js
GET /js/game.js
GET /
GET /style.css
GET /js/audio.js
GET /js/dialogue.js
GET /js/sprites.js
GET /js/combat.js
GET /js/scenes.js
GET /js/game.js
GET /favicon.ico
GET /
GET /style.css
GET /js/audio.js
GET /js/dialogue.js
GET /js/sprites.js
GET /js/combat.js
GET /js/scenes.js
GET /js/game.js
GET /favicon.ico
GET /
GET /style.css
GET /js/audio.js
GET /js/dialogue.js
GET /js/sprites.js
GET /js/combat.js
GET /js/scenes.js
GET /js/game.js
GET /favicon.ico
GET /favicon.ico
GET /
GET /style.css
GET /js/audio.js
GET /js/dialogue.js
GET /js/sprites.js
GET /js/combat.js
GET /js/scenes.js
GET /js/game.js
GET /favicon.ico
GET /
GET /style.css
GET /js/audio.js
GET /js/dialogue.js
GET /js/sprites.js
GET /js/combat.js
GET /js/scenes.js
GET /js/game.js
GET /favicon.ico
GET /
GET /style.css
GET /js/audio.js
GET /js/dialogue.js
GET /js/sprites.js
GET /js/combat.js
GET /js/game.js
GET /js/scenes.js
GET /favicon.ico
GET /favicon.ico
GET /
GET /style.css
GET /js/audio.js
GET /js/dialogue.js
GET /js/sprites.js
GET /js/combat.js
GET /js/scenes.js
GET /js/game.js
GET /favicon.ico
GET /
GET /style.css
GET /js/audio.js
GET /js/dialogue.js
GET /js/sprites.js
GET /js/combat.js
GET /js/scenes.js
GET /js/game.js
GET /favicon.ico
GET /
GET /style.css
GET /js/audio.js
GET /js/dialogue.js
GET /js/sprites.js
GET /js/combat.js
GET /js/scenes.js
GET /js/game.js
GET /favicon.ico
GET /
GET /style.css
GET /js/dialogue.js
GET /js/audio.js
GET /js/sprites.js
GET /js/combat.js
GET /js/scenes.js
GET /js/game.js
GET /favicon.ico
GET /
GET /style.css
GET /js/audio.js
GET /js/dialogue.js
GET /js/sprites.js
GET /js/combat.js
GET /js/scenes.js
GET /js/game.js
GET /
GET /style.css
GET /js/audio.js
GET /js/dialogue.js
GET /js/sprites.js
GET /js/combat.js
GET /js/scenes.js
GET /js/game.js
GET /favicon.ico
GET /favicon.ico
GET /
GET /style.css
GET /js/audio.js
GET /js/dialogue.js
GET /js/sprites.js
GET /js/combat.js
GET /js/scenes.js
GET /js/game.js
GET /favicon.ico
GET /favicon.ico
GET /
GET /style.css
GET /js/audio.js
GET /js/dialogue.js
GET /js/sprites.js
GET /js/combat.js
GET /js/scenes.js
GET /js/game.js
GET /
GET /style.css
GET /js/audio.js
GET /js/dialogue.js
GET /js/sprites.js
GET /js/combat.js
GET /js/scenes.js
GET /js/game.js
GET /favicon.ico
GET /
GET /style.css
GET /js/audio.js
GET /js/dialogue.js
GET /js/sprites.js
GET /js/combat.js
GET /js/scenes.js
GET /js/game.js
GET /favicon.ico
GET /
GET /style.css
GET /js/audio.js
GET /js/dialogue.js
GET /js/sprites.js
GET /js/combat.js
GET /js/scenes.js
GET /js/game.js
GET /favicon.ico
GET /
GET /style.css
GET /js/audio.js
GET /js/dialogue.js
GET /js/sprites.js
GET /js/combat.js
GET /js/scenes.js
GET /js/game.js
GET /favicon.ico
GET /
GET /style.css
GET /js/audio.js
GET /js/dialogue.js
GET /js/sprites.js
GET /js/combat.js
GET /js/scenes.js
GET /js/game.js
GET /favicon.ico
GET /
GET /style.css
GET /js/audio.js
GET /js/dialogue.js
GET /js/sprites.js
GET /js/combat.js
GET /js/scenes.js
GET /js/game.js
GET /favicon.ico
GET /
GET /style.css
GET /js/audio.js
GET /js/dialogue.js
GET /js/sprites.js
GET /js/combat.js
GET /js/scenes.js
GET /js/game.js
GET /favicon.ico
GET /
GET /style.css
GET /js/audio.js
GET /js/dialogue.js
GET /js/sprites.js
GET /js/combat.js
GET /js/scenes.js
GET /js/game.js
GET /favicon.ico
GET /
GET /style.css
GET /js/audio.js
GET /js/dialogue.js
GET /js/sprites.js
GET /js/combat.js
GET /js/scenes.js
GET /js/game.js
GET /favicon.ico
GET /
GET /style.css
GET /js/audio.js
GET /js/dialogue.js
GET /js/sprites.js
GET /js/combat.js
GET /js/scenes.js
GET /js/game.js
GET /favicon.ico
GET /
GET /style.css
GET /js/audio.js
GET /js/dialogue.js
GET /js/sprites.js
GET /js/combat.js
GET /js/scenes.js
GET /js/game.js
GET /favicon.ico
GET /favicon.ico
GET /
GET /style.css
GET /js/audio.js
GET /js/dialogue.js
GET /js/sprites.js
GET /js/combat.js
GET /js/scenes.js
GET /js/game.js
GET /favicon.ico
GET /
GET /style.css
GET /js/audio.js
GET /js/dialogue.js
GET /js/sprites.js
GET /js/combat.js
GET /js/scenes.js
GET /js/game.js
GET /favicon.ico
GET /
GET /style.css
GET /js/audio.js
GET /js/dialogue.js
GET /js/sprites.js
GET /js/combat.js
GET /js/scenes.js
GET /js/game.js
GET /favicon.ico
GET /style.css
GET /.well-known/appspecific/com.chrome.devtools.json
GET /
GET /.well-known/appspecific/com.chrome.devtools.json
GET /style.css
GET /js/audio.js
GET /js/dialogue.js
GET /js/sprites.js
GET /js/combat.js
GET /js/scenes.js
GET /js/game.js
GET /favicon.ico
GET /
GET /.well-known/appspecific/com.chrome.devtools.json
GET /style.css
GET /js/audio.js
GET /js/dialogue.js
GET /js/sprites.js
GET /js/combat.js
GET /js/scenes.js
GET /js/game.js
GET /favicon.ico
GET /
GET /style.css
GET /js/audio.js
GET /js/dialogue.js
GET /js/sprites.js
GET /js/combat.js
GET /js/scenes.js
GET /js/game.js
GET /favicon.ico
GET /
GET /style.css
GET /js/audio.js
GET /js/dialogue.js
GET /js/sprites.js
GET /js/combat.js
GET /js/scenes.js
GET /js/game.js
GET /favicon.ico
GET /favicon.ico
GET /
GET /style.css
GET /js/audio.js
GET /js/dialogue.js
GET /js/sprites.js
GET /js/combat.js
GET /js/scenes.js
GET /js/game.js
GET /favicon.ico
GET /favicon.ico
GET /
GET /style.css
GET /js/audio.js
GET /js/dialogue.js
GET /js/sprites.js
GET /js/combat.js
GET /js/scenes.js
GET /js/game.js
GET /favicon.ico
GET /favicon.ico
GET /
GET /style.css
GET /js/audio.js
GET /js/dialogue.js
GET /js/sprites.js
GET /js/combat.js
GET /js/scenes.js
GET /js/game.js
GET /favicon.ico
GET /favicon.ico
GET /
GET /style.css
GET /js/audio.js
GET /js/dialogue.js
GET /js/sprites.js
GET /js/combat.js
GET /js/scenes.js
GET /js/game.js
GET /favicon.ico
GET /favicon.ico
GET /
GET /style.css
GET /js/audio.js
GET /js/dialogue.js
GET /js/sprites.js
GET /js/combat.js
GET /js/scenes.js
GET /js/game.js
GET /favicon.ico
GET /favicon.ico
GET /
GET /style.css
GET /js/audio.js
GET /js/sprites.js
GET /js/dialogue.js
GET /js/combat.js
GET /js/scenes.js
GET /js/game.js
GET /favicon.ico
GET /favicon.ico
GET /
GET /style.css
GET /js/audio.js
GET /js/dialogue.js
GET /js/sprites.js
GET /js/combat.js
GET /js/scenes.js
GET /js/game.js
GET /favicon.ico
GET /favicon.ico
GET /
GET /style.css
GET /js/audio.js
GET /js/dialogue.js
GET /js/sprites.js
GET /js/combat.js
GET /js/scenes.js
GET /js/game.js
GET /favicon.ico
GET /favicon.ico
GET /
GET /js/audio.js
GET /style.css
GET /js/dialogue.js
GET /js/sprites.js
GET /js/combat.js
GET /js/scenes.js
GET /js/game.js
GET /favicon.ico
GET /style.css
GET /.well-known/appspecific/com.chrome.devtools.json
GET /favicon.ico
GET /
GET /style.css
GET /js/audio.js
GET /js/dialogue.js
GET /js/sprites.js
GET /js/combat.js
GET /js/scenes.js
GET /js/game.js
GET /.well-known/appspecific/com.chrome.devtools.json
GET /favicon.ico
GET /favicon.ico
GET /
GET /style.css
GET /js/audio.js
GET /js/dialogue.js
GET /js/sprites.js
GET /js/combat.js
GET /js/scenes.js
GET /js/game.js
GET /.well-known/appspecific/com.chrome.devtools.json
GET /favicon.ico
GET /favicon.ico
GET /
GET /style.css
GET /js/audio.js
GET /js/dialogue.js
GET /js/sprites.js
GET /js/combat.js
GET /js/scenes.js
GET /js/game.js
GET /favicon.ico
GET /favicon.ico
GET /
GET /style.css
GET /js/combat.js
GET /js/audio.js
GET /js/dialogue.js
GET /js/sprites.js
GET /js/scenes.js
GET /js/game.js
GET /favicon.ico
GET /favicon.ico
GET /
GET /style.css
GET /js/audio.js
GET /js/dialogue.js
GET /js/sprites.js
GET /js/combat.js
GET /js/scenes.js
GET /js/game.js
GET /favicon.ico
GET /favicon.ico
GET /
GET /style.css
GET /js/audio.js
GET /js/dialogue.js
GET /js/sprites.js
GET /js/combat.js
GET /js/scenes.js
GET /js/game.js
GET /favicon.ico
GET /favicon.ico
GET /
GET /style.css
GET /js/audio.js
GET /js/dialogue.js
GET /js/sprites.js
GET /js/combat.js
GET /js/scenes.js
GET /js/game.js
GET /favicon.ico
GET /favicon.ico
GET /
GET /style.css
GET /js/audio.js
GET /js/dialogue.js
GET /js/sprites.js
GET /js/combat.js
GET /js/scenes.js
GET /js/game.js
GET /favicon.ico
GET /favicon.ico
GET /
GET /style.css
GET /js/audio.js
GET /js/dialogue.js
GET /js/sprites.js
GET /js/game.js
GET /js/combat.js
GET /js/scenes.js
GET /favicon.ico
GET /favicon.ico
GET /
GET /style.css
GET /js/audio.js
GET /js/dialogue.js
GET /js/sprites.js
GET /js/combat.js
GET /js/scenes.js
GET /js/game.js
GET /favicon.ico
GET /favicon.ico
